<?xml version="1.0" encoding="UTF-8"?>
<!-- Generated by org.testng.reporters.JUnitReportReporter -->
<testsuite hostname="Windows10" failures="0" tests="1" name="TestNGprority" time="6.222" errors="0" timestamp="2022-10-07T06:24:48 EDT" skipped="0">
  <testcase classname="TestNGprority" name="testCase1" time="6.222"/>
  <system-out/>
</testsuite> <!-- TestNGprority -->
