<?xml version="1.0" encoding="UTF-8"?>
<!-- Generated by org.testng.reporters.JUnitReportReporter -->
<testsuite hostname="Windows10" failures="0" tests="4" name="TestNGdata" time="0.020" errors="0" timestamp="2022-10-07T05:08:22 EDT" skipped="0">
  <testcase classname="TestNGdata" name="Diff" time="0.013"/>
  <system-out/>
  <testcase classname="TestNGdata" name="Diff" time="0.001"/>
  <system-out/>
  <testcase classname="TestNGdata" name="Sum" time="0.003"/>
  <system-out/>
  <testcase classname="TestNGdata" name="Sum" time="0.003"/>
  <system-out/>
</testsuite> <!-- TestNGdata -->
